[MHPI_DL_ERROR]./spi_slave: undefined symbol: mhpi_skipFileReset
[MHPI_DL_ERROR]./spi_slave: undefined symbol: mhpi_addCheckpointFileCB
ANF: vcsd_get_spice_hier_by_vpi(dlerror='./spi_slave: undefined symbol: vcsd_get_spice_hier_by_vpi')
ANF: tf_register_processrestart(dlerror='./spi_slave: undefined symbol: tf_register_processrestart')
ANF: vcsd_has_any_dynamic_dim(dlerror='./spi_slave: undefined symbol: vcsd_has_any_dynamic_dim')
ANF: vcsd_is_low_power_assertion_checker(dlerror='./spi_slave: undefined symbol: vcsd_is_low_power_assertion_checker')
ANF: vcsd_get_power_scope_name(dlerror='./spi_slave: undefined symbol: vcsd_get_power_scope_name')
ANF: vcsd_dump_network(dlerror='./spi_slave: undefined symbol: vcsd_dump_network')
ANF: vcsd_register_openSignatureData(dlerror='./spi_slave: undefined symbol: vcsd_register_openSignatureData')
ANF: vcsd_flush_SignatureData(dlerror='./spi_slave: undefined symbol: vcsd_flush_SignatureData')
ANF: vcsd_close_SignatureData(dlerror='./spi_slave: undefined symbol: vcsd_close_SignatureData')
ANF: vcsd_node_check_initial_force(dlerror='./spi_slave: undefined symbol: vcsd_node_check_initial_force')
ANF: vcsd_node_check_callback(dlerror='./spi_slave: undefined symbol: vcsd_node_check_callback')
ANF: vcsd_node_register_callback(dlerror='./spi_slave: undefined symbol: vcsd_node_register_callback')
ANF: vcsd_node_remove_callback(dlerror='./spi_slave: undefined symbol: vcsd_node_remove_callback')
ANF: vcsd_node_varInfo(dlerror='./spi_slave: undefined symbol: vcsd_node_varInfo')
ANF: vcsd_node_Ei_Cn_Fn(dlerror='./spi_slave: undefined symbol: vcsd_node_Ei_Cn_Fn')
ANF: vcsd_get_max_Fn(dlerror='./spi_slave: undefined symbol: vcsd_get_max_Fn')
ANF: vcsd_node_value_pointer(dlerror='./spi_slave: undefined symbol: vcsd_node_value_pointer')
ANF: vcsd_free_value_pointer(dlerror='./spi_slave: undefined symbol: vcsd_free_value_pointer')
ANF: vcsd_value_pointer_to_fhdb_value(dlerror='./spi_slave: undefined symbol: vcsd_value_pointer_to_fhdb_value')
ANF: vcsd_remove_all_callback(dlerror='./spi_slave: undefined symbol: vcsd_remove_all_callback')
ANF: vcsd_check_secondary_initDeposit(dlerror='./spi_slave: undefined symbol: vcsd_check_secondary_initDeposit')
ANF: vcsd_register_forceVcsBoundary(dlerror='./spi_slave: undefined symbol: vcsd_register_forceVcsBoundary')
ANF: vcsd_register_forceSecondary(dlerror='./spi_slave: undefined symbol: vcsd_register_forceSecondary')
ANF: vcsd_register_dumpRoot(dlerror='./spi_slave: undefined symbol: vcsd_register_dumpRoot')
ANF: vcsd_register_addNewMaster(dlerror='./spi_slave: undefined symbol: vcsd_register_addNewMaster')
ANF: vcsd_register_assignSlaveToNewMaster(dlerror='./spi_slave: undefined symbol: vcsd_register_assignSlaveToNewMaster')
ANF: vcsd_register_1st_rfn_cbk(dlerror='./spi_slave: undefined symbol: vcsd_register_1st_rfn_cbk')
ANF: vcsd_register_2nd_rfn_cbk(dlerror='./spi_slave: undefined symbol: vcsd_register_2nd_rfn_cbk')
ANF: vcsd_is_boundary(dlerror='./spi_slave: undefined symbol: vcsd_is_boundary')
ANF: vcsd_register_1st_non_network(dlerror='./spi_slave: undefined symbol: vcsd_register_1st_non_network')
ANF: vcsd_register_1st_primary_master(dlerror='./spi_slave: undefined symbol: vcsd_register_1st_primary_master')
ANF: vcsd_register_1st_primary_slave(dlerror='./spi_slave: undefined symbol: vcsd_register_1st_primary_slave')
ANF: vcsd_register_1st_secondary_master_confirm(dlerror='./spi_slave: undefined symbol: vcsd_register_1st_secondary_master_confirm')
ANF: vcsd_register_1st_secondary_master_defer(dlerror='./spi_slave: undefined symbol: vcsd_register_1st_secondary_master_defer')
ANF: vcsd_register_1st_secondary_slave_masterConfirmedSecondary(dlerror='./spi_slave: undefined symbol: vcsd_register_1st_secondary_slave_masterConfirmedSecondary')
ANF: vcsd_register_1st_secondary_slave_masterDeferredSecondary(dlerror='./spi_slave: undefined symbol: vcsd_register_1st_secondary_slave_masterDeferredSecondary')
ANF: vcsd_dump_var_vpdg(dlerror='./spi_slave: undefined symbol: vcsd_dump_var_vpdg')
ANF: vcsd_register_2nd_secondary_master_remainSecondary(dlerror='./spi_slave: undefined symbol: vcsd_register_2nd_secondary_master_remainSecondary')
ANF: vcsd_register_2nd_secondary_master_becomePrimary(dlerror='./spi_slave: undefined symbol: vcsd_register_2nd_secondary_master_becomePrimary')
ANF: vcsd_second_traverse(dlerror='./spi_slave: undefined symbol: vcsd_second_traverse')
ANF: vcsd_begin_no_value_var_info(dlerror='./spi_slave: undefined symbol: vcsd_begin_no_value_var_info')
ANF: vcsd_end_no_value_var_info(dlerror='./spi_slave: undefined symbol: vcsd_end_no_value_var_info')
ANF: vcsd_get_value_ptr(dlerror='./spi_slave: undefined symbol: vcsd_get_value_ptr')
ANF: vcsd_get_value_type_from_value_ptr(dlerror='./spi_slave: undefined symbol: vcsd_get_value_type_from_value_ptr')
ANF: vcsd_mem_value_pointer_to_fhdb_value(dlerror='./spi_slave: undefined symbol: vcsd_mem_value_pointer_to_fhdb_value')
ANF: vcsd_is_nettype_array_value_ptr(dlerror='./spi_slave: undefined symbol: vcsd_is_nettype_array_value_ptr')
ANF: vcs_get_v2v_id_for_verdi(dlerror='./spi_slave: undefined symbol: vcs_get_v2v_id_for_verdi')
ANF: scsd_xprop_is_enabled(dlerror='./spi_slave: undefined symbol: scsd_xprop_is_enabled')
ANF: scsd_xprop_sig_is_promoted(dlerror='./spi_slave: undefined symbol: scsd_xprop_sig_is_promoted')
ANF: scsd_xprop_int_xvalue(dlerror='./spi_slave: undefined symbol: scsd_xprop_int_xvalue')
ANF: scsd_xprop_bool_xvalue(dlerror='./spi_slave: undefined symbol: scsd_xprop_bool_xvalue')
ANF: scsd_xprop_enum_xvalue(dlerror='./spi_slave: undefined symbol: scsd_xprop_enum_xvalue')
ANF: msvEnableDumpingMode(dlerror='./spi_slave: undefined symbol: msvEnableDumpingMode')
ANF: msvIsSpiceEngineReady(dlerror='./spi_slave: undefined symbol: msvIsSpiceEngineReady')
ANF: msvSetAddProbeCallback(dlerror='./spi_slave: undefined symbol: msvSetAddProbeCallback')
ANF: msvGetInstHandle(dlerror='./spi_slave: undefined symbol: msvGetInstHandle')
ANF: msvGetProbeByInst(dlerror='./spi_slave: undefined symbol: msvGetProbeByInst')
ANF: msvGetSigHandle(dlerror='./spi_slave: undefined symbol: msvGetSigHandle')
ANF: msvGetProbeBySig(dlerror='./spi_slave: undefined symbol: msvGetProbeBySig')
ANF: msvGetProbeInfo(dlerror='./spi_slave: undefined symbol: msvGetProbeInfo')
ANF: msvRelease(dlerror='./spi_slave: undefined symbol: msvRelease')
ANF: msvSetVcCallbackFunc(dlerror='./spi_slave: undefined symbol: msvSetVcCallbackFunc')
ANF: msvCheckVcCallback(dlerror='./spi_slave: undefined symbol: msvCheckVcCallback')
ANF: msvAddVcCallback(dlerror='./spi_slave: undefined symbol: msvAddVcCallback')
ANF: msvRemoveVcCallback(dlerror='./spi_slave: undefined symbol: msvRemoveVcCallback')
ANF: msvGetLatestValue(dlerror='./spi_slave: undefined symbol: msvGetLatestValue')
ANF: msvSetEndofSimCallback(dlerror='./spi_slave: undefined symbol: msvSetEndofSimCallback')
ANF: PI_ace_get_output_time_unit(dlerror='./spi_slave: undefined symbol: PI_ace_get_output_time_unit')
ANF: PI_ace_sim_sync(dlerror='./spi_slave: undefined symbol: PI_ace_sim_sync')
Chronologic Simulation VCS Release I-2014.03_Full64
Linux 2.6.32-573.el6.x86_64 #1 SMP Wed Jul 1 18:23:37 EDT 2015 x86_64
CPU cores: 2
Limit information:
======================================
cputime			unlimited
filesize		unlimited
datasize		unlimited
stacksize		10240 kbytes
coredumpsize	0 kbytes
memoryuse		unlimited
vmemoryuse		unlimited
descriptors		1024
memorylocked	64 kbytes
maxproc			1024
======================================
(Special)Runtime environment variables:

Runtime environment variables:
DESKTOP_SESSION=gnome
QTDIR=/usr/lib64/qt-3.3
GTK_RC_FILES=/etc/gtk/gtkrc:/home/IC/.gtkrc-1.2-gnome2
XAUTHORITY=/var/run/gdm/auth-for-IC-zzEZh1/database
GDMSESSION=gnome
XMODIFIERS=@im=ibus
GDM_LANG=en_US.UTF-8
SHELL=/bin/bash
Verdi_HOME=/opt/Synopsys/Verdi2015
_=/usr/bin/make
PDK_DIR=/home/IC/Training/df2/Fdry/FreePDK45
Laker_HOME=/opt/Synopsys/Laker_OA2015
HISTCONTROL=ignoredups
SNPSLMD_LICENSE_FILE=/opt/Synopsys/License/License.dat:/opt/Synopsys/VCS2014/flexlm//license.dat
USERNAME=IC
GNOME_KEYRING_SOCKET=/tmp/keyring-QNHD3h/socket
StarRC_HOME=/opt/Synopsys/StarRC2015
LESSOPEN=||/usr/bin/lesspipe.sh %s
ORBIT_SOCKETDIR=/tmp/orbit-IC
PATH=/opt/KeySight/ADS2015/bin:/opt/Concept/Symutils/linux23.x86_64:/opt/Concept/SpiceVision:/opt/Concept/SGvision:/opt/Concept/RTLvision:/opt/Concept/Gatevision:/opt/Mentor/Calibre2015/ixl_cal_2015.4_16.11/bin:/opt/Mentor/Tessent2013//bin:/opt/Mentor/ModelSim/modeltech/linux:/opt/Cadence/INNOVUS15/bin:/opt/Cadence/RC11/bin:/opt/Cadence/Incisive14//tools/bin:/opt/Cadence/MMSIM15/tools/spectre/bin:/opt/Cadence/MMSIM15/tools/dfII/bin:/opt/Cadence/MMSIM15/tools/bin:/opt/Cadence/MMSIM15/bin:/opt/Cadence/IC617/tools/plot/bin:/opt/Cadence/IC617/tools/iccraft/bin:/opt/Cadence/IC617/tools/dracula/bin:/opt/Cadence/IC617/tools/dfII/bin:/opt/Cadence/IC617/tools/bin:/opt/Cadence/IC617/share/bin:/opt/Synopsys/Verdi2015/bin:/opt/Synopsys/VCS2014/bin:/opt/Synopsys/Synplify2015/bin:/opt/Synopsys/StarRC2015/bin:/opt/Synopsys/PrimeTime2015/bin:/opt/Synopsys/Laker_OA2015/bin:/opt/Synopsys/ICC2016/bin:/opt/Synopsys/Hspice2016/hspice/bin:/opt/Synopsys/Formality2016/bin:/opt/Synopsys/SCL11.11/linux64/bin:/opt/KeySight/ADS2015/bin:/opt/Concept/Symutils/linux23.x86_64:/opt/Concept/SpiceVision:/opt/Concept/SGvision:/opt/Concept/RTLvision:/opt/Concept/Gatevision:/opt/Mentor/Calibre2015/ixl_cal_2015.4_16.11/bin:/opt/Mentor/Tessent2013//bin:/opt/Mentor/ModelSim/modeltech/linux:/opt/Cadence/INNOVUS15/bin:/opt/Cadence/RC11/bin:/opt/Cadence/Incisive14//tools/bin:/opt/Cadence/MMSIM15/tools/spectre/bin:/opt/Cadence/MMSIM15/tools/dfII/bin:/opt/Cadence/MMSIM15/tools/bin:/opt/Cadence/MMSIM15/bin:/opt/Cadence/IC617/tools/plot/bin:/opt/Cadence/IC617/tools/iccraft/bin:/opt/Cadence/IC617/tools/dracula/bin:/opt/Cadence/IC617/tools/dfII/bin:/opt/Cadence/IC617/tools/bin:/opt/Cadence/IC617/share/bin:/opt/Synopsys/Verdi2015/bin:/opt/Synopsys/VCS2014/bin:/opt/Synopsys/Synplify2015/bin:/opt/Synopsys/StarRC2015/bin:/opt/Synopsys/PrimeTime2015/bin:/opt/Synopsys/Laker_OA2015/bin:/opt/Synopsys/ICC2016/bin:/opt/Synopsys/Hspice2016/hspice/bin:/opt/Synopsys/Formality2016/bin:/opt/Synopsys/SCL11.11/linux64/bin:/usr/lib64/qt-3.3/bin:/usr/local/bin:/usr/bin:/bin:/usr/local/sbin:/usr/sbin:/sbin:/home/IC/bin
LM_LICENSE_FILE=/opt/Concept/License/License.dat
SESSION_MANAGER=local/unix:@/tmp/.ICE-unix/3605,unix/unix:/tmp/.ICE-unix/3605
Encounter_HOME=/opt/Cadence/INNOVUS15
Incisive_HOME=/opt/Cadence/Incisive14/
WINDOWID=31457284
ICC_HOME=/opt/Synopsys/ICC2016
MMSIM_HOME=/opt/Cadence/MMSIM15
CDS_AUTO_64BIT=ALL
CALIBRE_2013_4_ALLOW_IXL_ON_RHEL6=101010
LS_COLORS=rs=0:di=01;34:ln=01;36:mh=00:pi=40;33:so=01;35:do=01;35:bd=40;33;01:cd=40;33;01:or=40;31;01:mi=01;05;37;41:su=37;41:sg=30;43:ca=30;41:tw=30;42:ow=34;42:st=37;44:ex=01;32:*.tar=01;31:*.tgz=01;31:*.arj=01;31:*.taz=01;31:*.lzh=01;31:*.lzma=01;31:*.tlz=01;31:*.txz=01;31:*.zip=01;31:*.z=01;31:*.Z=01;31:*.dz=01;31:*.gz=01;31:*.lz=01;31:*.xz=01;31:*.bz2=01;31:*.tbz=01;31:*.tbz2=01;31:*.bz=01;31:*.tz=01;31:*.deb=01;31:*.rpm=01;31:*.jar=01;31:*.rar=01;31:*.ace=01;31:*.zoo=01;31:*.cpio=01;31:*.7z=01;31:*.rz=01;31:*.jpg=01;35:*.jpeg=01;35:*.gif=01;35:*.bmp=01;35:*.pbm=01;35:*.pgm=01;35:*.ppm=01;35:*.tga=01;35:*.xbm=01;35:*.xpm=01;35:*.tif=01;35:*.tiff=01;35:*.png=01;35:*.svg=01;35:*.svgz=01;35:*.mng=01;35:*.pcx=01;35:*.mov=01;35:*.mpg=01;35:*.mpeg=01;35:*.m2v=01;35:*.mkv=01;35:*.ogm=01;35:*.mp4=01;35:*.m4v=01;35:*.mp4v=01;35:*.vob=01;35:*.qt=01;35:*.nuv=01;35:*.wmv=01;35:*.asf=01;35:*.rm=01;35:*.rmvb=01;35:*.flc=01;35:*.avi=01;35:*.fli=01;35:*.flv=01;35:*.gl=01;35:*.dl=01;35:*.xcf=01;35:*.xwd=01;35:*.yuv=01;35:*.cgm=01;35:*.emf=01;35:*.axv=01;35:*.anx=01;35:*.ogv=01;35:*.ogx=01;35:*.aac=01;36:*.au=01;36:*.flac=01;36:*.mid=01;36:*.midi=01;36:*.mka=01;36:*.mp3=01;36:*.mpc=01;36:*.ogg=01;36:*.ra=01;36:*.wav=01;36:*.axa=01;36:*.oga=01;36:*.spx=01;36:*.xspf=01;36:
SSH_AUTH_SOCK=/tmp/keyring-QNHD3h/socket.ssh
OA_HOME=/opt/Cadence/IC617/oa_v22.50.043
DISPLAY=:0.0
Synplify_HOME=/opt/Synopsys/Synplify2015
MGC_HOME=/opt/Mentor/Calibre2015/ixl_cal_2015.4_16.11
IMSETTINGS_INTEGRATE_DESKTOP=yes
HOME=/home/IC
VCS_HOME=/opt/Synopsys/VCS2014
PWD=/home/IC/SPI_CHIP/POST_SIM/AfterPR
DFT_HOME=/opt/Mentor/Tessent2013/
CALIBRE_HOME=/opt/Mentor/Calibre2015/ixl_cal_2015.4_16.11
G_BROKEN_FILENAMES=1
MGLS_LICENSE_FILE=/opt/Mentor/License/License.dat
DBUS_SESSION_BUS_ADDRESS=unix:abstract=/tmp/dbus-BetgB8kddU,guid=e7ba2bdac7d4807bbe853e7100000120
LD_LIBRARY_PATH=/opt/Synopsys/Verdi2015/share/PLI/lib/LINUX64:/usr/lib64:/lib64:/opt/KeySight/ADS2015/lib/linux_x86_64:/opt/KeySight/ADS2015/adsptolemy/lib.linux_x86_64:/opt/KeySight/ADS2015/lib/linux_x86:/opt/KeySight/ADS2015/adsptolemy/lib.linux_x86:/opt/Synopsys/Verdi2015/share/PLI/lib/LINUX64:/usr/lib64:/lib64:/opt/KeySight/ADS2015/lib/linux_x86_64:/opt/KeySight/ADS2015/adsptolemy/lib.linux_x86_64:/opt/KeySight/ADS2015/lib/linux_x86:/opt/KeySight/ADS2015/adsptolemy/lib.linux_x86:
XDG_SESSION_COOKIE=a0bfd28e837df0a07240a6770000000b-1704433678.139948-1873152273
LOGNAME=IC
Formality_HOME=/opt/Synopsys/Formality2016
GDM_KEYBOARD_LAYOUT=us
CDS_LIC_FILE=/opt/Cadence/License/License.dat
GNOME_DESKTOP_SESSION_ID=this-is-deprecated
HOSTNAME=IC
SSH_ASKPASS=/usr/libexec/openssh/gnome-ssh-askpass
COLORTERM=gnome-terminal
Mentor_Dir=/opt/Mentor
QT_IM_MODULE=ibus
SHLVL=2
USER=IC
QTLIB=/usr/lib64/qt-3.3/lib
GNOME_KEYRING_PID=3593
CDS_LOAD_ENV=CSF
CVS_RSH=ssh
IMSETTINGS_MODULE=IBus
MAKEFLAGS=
MFLAGS=
MAIL=/var/spool/mail/IC
Cadence_Dir=/opt/Cadence
ADS_HOME=/opt/KeySight/ADS2015
CDSHOME=/opt/Cadence/IC617
Concept_dir=/opt/Concept
Hspice_HOME=/opt/Synopsys/Hspice2016
NOVAS_HOME=/opt/Synopsys/Verdi2015
RC_HOME=/opt/Cadence/RC11
SCL_HOME=/opt/Synopsys/SCL11.11
HISTSIZE=1000
Virtuoso_HOME=/opt/Cadence/IC617
CDS_Netlisting_Mode=Digital
WINDOWPATH=1
PrimeTime_HOME=/opt/Synopsys/PrimeTime2015
Synopsys_Dir=/opt/Synopsys
QTINC=/usr/lib64/qt-3.3/include
MDS_HOME=/opt/Mentor/ModelSim/modeltech/bin:/opt/Cadence/INNOVUS15/bin:/opt/Cadence/RC11/bin:/opt/Cadence/Incisive14//tools/bin:/opt/Cadence/MMSIM15/tools/spectre/bin:/opt/Cadence/MMSIM15/tools/dfII/bin:/opt/Cadence/MMSIM15/tools/bin:/opt/Cadence/MMSIM15/bin:/opt/Cadence/IC617/tools/plot/bin:/opt/Cadence/IC617/tools/iccraft/bin:/opt/Cadence/IC617/tools/dracula/bin:/opt/Cadence/IC617/tools/dfII/bin:/opt/Cadence/IC617/tools/bin:/opt/Cadence/IC617/share/bin:/opt/Synopsys/Verdi2015/bin:/opt/Synopsys/VCS2014/bin:/opt/Synopsys/Synplify2015/bin:/opt/Synopsys/StarRC2015/bin:/opt/Synopsys/PrimeTime2015/bin:/opt/Synopsys/Laker_OA2015/bin:/opt/Synopsys/ICC2016/bin:/opt/Synopsys/Hspice2016/hspice/bin:/opt/Synopsys/Formality2016/bin:/opt/Synopsys/SCL11.11/linux64/bin:/opt/KeySight/ADS2015/bin:/opt/Concept/Symutils/linux23.x86_64:/opt/Concept/SpiceVision:/opt/Concept/SGvision:/opt/Concept/RTLvision:/opt/Concept/Gatevision:/opt/Mentor/Calibre2015/ixl_cal_2015.4_16.11/bin:/opt/Mentor/Tessent2013//bin:/opt/Mentor/ModelSim/modeltech/linux:/opt/Cadence/INNOVUS15/bin:/opt/Cadence/RC11/bin:/opt/Cadence/Incisive14//tools/bin:/opt/Cadence/MMSIM15/tools/spectre/bin:/opt/Cadence/MMSIM15/tools/dfII/bin:/opt/Cadence/MMSIM15/tools/bin:/opt/Cadence/MMSIM15/bin:/opt/Cadence/IC617/tools/plot/bin:/opt/Cadence/IC617/tools/iccraft/bin:/opt/Cadence/IC617/tools/dracula/bin:/opt/Cadence/IC617/tools/dfII/bin:/opt/Cadence/IC617/tools/bin:/opt/Cadence/IC617/share/bin:/opt/Synopsys/Verdi2015/bin:/opt/Synopsys/VCS2014/bin:/opt/Synopsys/Synplify2015/bin:/opt/Synopsys/StarRC2015/bin:/opt/Synopsys/PrimeTime2015/bin:/opt/Synopsys/Laker_OA2015/bin:/opt/Synopsys/ICC2016/bin:/opt/Synopsys/Hspice2016/hspice/bin:/opt/Synopsys/Formality2016/bin:/opt/Synopsys/SCL11.11/linux64/bin:/usr/lib64/qt-3.3/bin:/usr/local/bin:/usr/bin:/bin:/usr/local/sbin:/usr/sbin:/sbin:/home/IC/bin
LANG=en_US.UTF-8
TERM=xterm
AGILEESOFD_LICENSE_FILE=/opt/KeySight/ADS2015/License/license.lic
MAKELEVEL=1
VCS_PATHMAP_PRELOAD_DONE=1
LC_ALL=C
DVE=/opt/Synopsys/VCS2014/gui/dve
TCLLIBPATH=/tmp/auxx/tcllib/lib/tcl8.4
SPECMAN_OUTPUT_TO_TTY=1
Runtime command line arguments:
argv[0]=./spi_slave
argv[1]=-l
argv[2]=spi_slave.log
argv[3]=+vpdfile+spi_slave.vpd
argv[4]=-cm
argv[5]=line+cond+fsm+tgl
188 profile - 100
          CPU/Mem usage: 0.160 sys,  0.040 user,  154.63M sys,  0.00M vm
189 VC callback profile - scalar:0 vector:0
190 Fri Jan  5 13:52:06 2024
191 pliAppInit
192 *Verdi3* : Enable Parallel Dumping.
193 [MHPI_DL_ERROR]./spi_slave: undefined symbol: mhpi_skipFileReset
194 [MHPI_DL_ERROR]./spi_slave: undefined symbol: mhpi_addCheckpointFileCB
195 pliAppMiscSet: New Sim Round
196 pliEntryInit
197 LIBSSCORE=found /opt/Synopsys/Verdi2015/share/PLI/lib/LINUX64/libsscore_vcs201403.so through $LD_LIBRARY_PATH setting.
198 FSDB Dumper for VCS, Release Verdi3_K-2015.09-SP1-1, Linux x86_64/64bit, 01/21/2016
199 (C) 1996 - 2016 by Synopsys, Inc.
200 sps_call_fsdbDumpfile at 0 : ../../testbench/tb_spi_slave.v(190)
201 argv[0]: tb_spi_slave.fsdb
202 *Verdi3* FSDB WARNING: The FSDB file already exists. Overwriting the FSDB file may crash the programs that are using this file.
203 *Verdi3* : Create FSDB file 'tb_spi_slave.fsdb'
204 sps_call_fsdbDumpvars at 0 : ../../testbench/tb_spi_slave.v(191)
205 argv[0]: 0
206 argv[1]: (handle)0x34c4118 tb_spi_slave
207 *Verdi3* : Begin traversing the scope (tb_spi_slave), layer (0).
208 Cell instance `tb_spi_slave.u_spi_combine.FE_PHC487_rstn_sync'.
209 *Verdi3* : End of traversing.
210 fsdbDumpvars traverse var: profile - 
          CPU/Mem usage: 0.200 sys,  0.070 user,  300.04M sys,  0.00M vm
                   incr: 0.030 sys,  0.030 user,  3.55M sys,  0.00M vm
                   accu: 0.030 sys,  0.030 user,  3.55M sys,  0.00M vm
              accu incr: 0.030 sys,  0.030 user,  3.55M sys,  0.00M vm

          Count usage: 7004 var,  3487 idcode,  3487 callback
                 incr: 7004 var,  3487 idcode,  3487 callback
                 accu: 7004 var,  3487 idcode,  3487 callback
            accu incr: 7004 var,  3487 idcode,  3487 callback
211 VC callback profile - scalar:0 vector:0
212 Fri Jan  5 13:52:06 2024
213 fsdbDumpvars: profile - 
          CPU/Mem usage: 0.210 sys,  0.080 user,  301.10M sys,  0.00M vm
                   incr: 0.010 sys,  0.010 user,  1.05M sys,  0.00M vm
                   accu: 0.040 sys,  0.040 user,  4.60M sys,  0.00M vm
              accu incr: 0.010 sys,  0.010 user,  1.05M sys,  0.00M vm

          Count usage: 7004 var,  3487 idcode,  3487 callback
                 incr: 0 var,  0 idcode,  0 callback
                 accu: 7004 var,  3487 idcode,  3487 callback
            accu incr: 0 var,  0 idcode,  0 callback
214 VC callback profile - scalar:6949 vector:55
215 Fri Jan  5 13:52:06 2024
216 sps_call_fsdbDumpon at 0 : ../../testbench/tb_spi_slave.v(192)
217 *Verdi3* : fsdbDumpon - All FSDB files at 0 ps.
218 End of simulation at 20660000
219 VC callback profile - scalar:691283 vector:948
220 Fri Jan  5 13:52:06 2024
221 Parallel profile    -  Flush:4 ProduceWait:0 ConsumerWait:2 BlockUsed:3
222                        ProduceTime:0.369600766 ConsumerTime:0.028231656
223 SimExit
224 Sim process exit
