 
****************************************
Report : area
Design : spi_combine
Version: K-2015.06
Date   : Wed Dec 27 15:32:35 2023
****************************************

Library(s) Used:

    scc018v3ebcd_uhd50_rvt_ss_v4p5_125c_basic (File: /home/IC/SPI_CHIP/scc018v3ebcd_uhd50_rvt_ss_v4p5_125c_basic.db)

Number of ports:                          221
Number of nets:                           910
Number of cells:                          728
Number of combinational cells:            536
Number of sequential cells:               183
Number of macros/black boxes:               0
Number of buf/inv:                         92
Number of references:                      16

Combinational area:               6985.036879
Buf/Inv area:                      598.348801
Noncombinational area:            8788.147076
Macro/Black Box area:                0.000000
Net Interconnect area:      undefined  (No wire load specified)

Total cell area:                 15773.183954
Total area:                 undefined
1
