Warning: Ignoring compile_fix_multiple_port_nets = TRUE. (UIO-60)
 
****************************************
Report : constraint
        -all_violators
        -verbose
Design : spi_combine
Version: K-2015.06
Date   : Wed Dec 27 15:32:35 2023
****************************************


    Net: ssn_o[0]

    Capacitance            0.00
  - min_capacitance        0.00
  ------------------------------
    Slack                  0.00  (VIOLATED: increase significant digits)


    Net: ssn_o[1]

    Capacitance            0.00
  - min_capacitance        0.00
  ------------------------------
    Slack                  0.00  (VIOLATED: increase significant digits)


    Net: ssn_o[2]

    Capacitance            0.00
  - min_capacitance        0.00
  ------------------------------
    Slack                  0.00  (VIOLATED: increase significant digits)


    Net: ssn_o[3]

    Capacitance            0.00
  - min_capacitance        0.00
  ------------------------------
    Slack                  0.00  (VIOLATED: increase significant digits)


    Net: ssn_o[4]

    Capacitance            0.00
  - min_capacitance        0.00
  ------------------------------
    Slack                  0.00  (VIOLATED: increase significant digits)


    Net: ssn_o[5]

    Capacitance            0.00
  - min_capacitance        0.00
  ------------------------------
    Slack                  0.00  (VIOLATED: increase significant digits)


    Net: ssn_o[6]

    Capacitance            0.00
  - min_capacitance        0.00
  ------------------------------
    Slack                  0.00  (VIOLATED: increase significant digits)


    Net: ssn_o[7]

    Capacitance            0.00
  - min_capacitance        0.00
  ------------------------------
    Slack                  0.00  (VIOLATED: increase significant digits)


1
