Loading db file '/home/IC/SPI_CHIP/scc018v3ebcd_uhd50_rvt_ss_v4p5_125c_basic.db'
Information: Propagating switching activity (low effort zero delay simulation). (PWR-6)
Warning: Design has unannotated primary inputs. (PWR-414)
Warning: Design has unannotated sequential cell outputs. (PWR-415)
 
****************************************
Report : power
        -analysis_effort low
Design : spi_combine
Version: K-2015.06
Date   : Wed Dec 27 15:32:36 2023
****************************************


Library(s) Used:

    scc018v3ebcd_uhd50_rvt_ss_v4p5_125c_basic (File: /home/IC/SPI_CHIP/scc018v3ebcd_uhd50_rvt_ss_v4p5_125c_basic.db)


Operating Conditions: ss_v4p5_125c   Library: scc018v3ebcd_uhd50_rvt_ss_v4p5_125c_basic
Wire Load Model Mode: top


Global Operating Voltage = 4.5  
Power-specific unit information :
    Voltage Units = 1V
    Capacitance Units = 1.000000pf
    Time Units = 1ns
    Dynamic Power Units = 1mW    (derived from V,C,T units)
    Leakage Power Units = 1uW


  Cell Internal Power  =   4.0467 mW   (97%)
  Net Switching Power  = 126.2379 uW    (3%)
                         ---------
Total Dynamic Power    =   4.1729 mW  (100%)

Cell Leakage Power     = 988.9400 pW


                 Internal         Switching           Leakage            Total
Power Group      Power            Power               Power              Power   (   %    )  Attrs
--------------------------------------------------------------------------------------------------
io_pad             0.0000            0.0000            0.0000            0.0000  (   0.00%)
memory             0.0000            0.0000            0.0000            0.0000  (   0.00%)
black_box          0.0000            0.0000            0.0000            0.0000  (   0.00%)
clock_network  2.2439e-02        3.6257e-02        2.9503e-06        5.8696e-02  (   1.41%)
register           4.0079        2.8371e-03        4.9264e-04            4.0107  (  96.11%)
sequential     2.0732e-04        3.8614e-06        9.4046e-06        2.1119e-04  (   0.01%)
combinational  1.6177e-02        8.7133e-02        4.8395e-04            0.1033  (   2.48%)
--------------------------------------------------------------------------------------------------
Total              4.0467 mW         0.1262 mW     9.8894e-04 uW         4.1729 mW
1
