 
****************************************
Report : qor
Design : spi_combine
Version: K-2015.06
Date   : Wed Dec 27 15:36:29 2023
****************************************


  Timing Path Group 'clk_i'
  -----------------------------------
  Levels of Logic:               3.00
  Critical Path Length:          0.43
  Critical Path Slack:           0.97
  Critical Path Clk Period:     12.00
  Total Negative Slack:          0.00
  No. of Violating Paths:        0.00
  Worst Hold Violation:         -0.16
  Total Hold Violation:         -0.57
  No. of Hold Violations:       19.00
  -----------------------------------

  Timing Path Group 'spi_SlaveMode_u/sck_i'
  -----------------------------------
  Levels of Logic:               2.00
  Critical Path Length:          1.01
  Critical Path Slack:           8.27
  Critical Path Clk Period:     20.00
  Total Negative Slack:          0.00
  No. of Violating Paths:        0.00
  Worst Hold Violation:         -0.07
  Total Hold Violation:         -0.46
  No. of Hold Violations:       13.00
  -----------------------------------


  Cell Count
  -----------------------------------
  Hierarchical Cell Count:          9
  Hierarchical Port Count:        167
  Leaf Cell Count:                722
  Buf/Inv Cell Count:              90
  Buf Cell Count:                   0
  Inv Cell Count:                  90
  CT Buf/Inv Cell Count:            1
  Combinational Cell Count:       546
  Sequential Cell Count:          176
  Macro Count:                      0
  -----------------------------------


  Area
  -----------------------------------
  Combinational Area:     7060.838485
  Noncombinational Area:  8778.470272
  Buf/Inv Area:            580.608001
  Total Buffer Area:             0.00
  Total Inverter Area:         580.61
  Macro/Black Box Area:      0.000000
  Net Area:                  0.000000
  -----------------------------------
  Cell Area:             15839.308757
  Design Area:           15839.308757


  Design Rules
  -----------------------------------
  Total Number of Nets:           746
  Nets With Violations:             0
  Max Trans Violations:             0
  Max Cap Violations:               0
  -----------------------------------


  Hostname: IC

  Compile CPU Statistics
  -----------------------------------------
  Resource Sharing:                    0.73
  Logic Optimization:                  1.22
  Mapping Optimization:                0.87
  -----------------------------------------
  Overall Compile Time:                4.92
  Overall Compile Wall Clock Time:     6.18

  --------------------------------------------------------------------

  Design  WNS: 0.00  TNS: 0.00  Number of Violating Paths: 0


  Design (Hold)  WNS: 0.16  TNS: 1.03  Number of Violating Paths: 32

  --------------------------------------------------------------------


1
