 
****************************************
Report : area
Design : spi_combine
Version: K-2015.06
Date   : Mon Jan  1 18:08:46 2024
****************************************

Library(s) Used:

    scc018v3ebcd_uhd50_rvt_tt_v5p0_25c_basic (File: /home/IC/SPI_CHIP/FDRY/scc018v3ebcd_uhd50_rvt_tt_v5p0_25c_basic.db)

Number of ports:                          221
Number of nets:                           911
Number of cells:                          729
Number of combinational cells:            537
Number of sequential cells:               183
Number of macros/black boxes:               0
Number of buf/inv:                        117
Number of references:                      13

Combinational area:               7696.281603
Buf/Inv area:                      770.918402
Noncombinational area:            8773.631870
Macro/Black Box area:                0.000000
Net Interconnect area:      undefined  (No wire load specified)

Total cell area:                 16469.913473
Total area:                 undefined
1
